TN:
SF:03-errorcount.js
FNF:0
FNH:0
DA:1,1
DA:2,1
DA:3,1
DA:4,1
DA:5,1
DA:6,1
DA:7,1
DA:8,1
DA:9,1
DA:10,1
DA:11,1
DA:12,1
DA:13,1
DA:14,1
DA:15,11
DA:16,11
DA:17,0
DA:18,0
DA:19,11
DA:20,11
DA:21,11
DA:22,1
DA:23,1
DA:24,1
DA:25,0
DA:26,0
DA:27,0
DA:28,0
DA:29,0
DA:30,1
DA:31,1
DA:32,1
DA:33,2
DA:34,2
DA:35,2
DA:36,0
DA:37,0
DA:38,1
DA:39,1
DA:40,1
DA:41,11
DA:42,11
DA:43,11
DA:44,1
DA:45,1
DA:46,1
LF:46
LH:37
BRDA:14,0,0,11
BRDA:16,1,0,0
BRDA:32,2,0,2
BRDA:35,3,0,0
BRDA:40,4,0,11
BRF:5
BRH:3
end_of_record
